<?xml version="1.0" encoding="UTF-8"?>
<!-- Generated by org.testng.reporters.JUnitReportReporter -->
<testsuite hostname="Mireshs-MacBook-Pro.local" name="Assignment.com.automationpractice.Assignment" tests="5" failures="0" timestamp="12 May 2020 16:17:19 GMT" time="38.188" errors="0">
  <testcase name="createAccount" time="5.099" classname="Assignment.com.automationpractice.Assignment"/>
  <testcase name="checkoutAndVerifyAmount" time="15.588" classname="Assignment.com.automationpractice.Assignment"/>
  <testcase name="amountVerificationInProfilePage" time="6.356" classname="Assignment.com.automationpractice.Assignment"/>
  <testcase name="selectProductFromWomanSection" time="9.386" classname="Assignment.com.automationpractice.Assignment"/>
  <testcase name="navitagetoHomePage" time="1.759" classname="Assignment.com.automationpractice.Assignment"/>
</testsuite> <!-- Assignment.com.automationpractice.Assignment -->
